'k'
'2'
'3'
'4'
'0'
'9'
'='
'-'
Key.f3
Key.f8
Key.f2
Key.backspace
Key.backspace
Key.backspace
Key.backspace
Key.backspace
Key.backspace
Key.backspace
Key.backspace
Key.backspace
Key.backspace
Key.backspace
Key.backspace
Key.esc
Key.esc
Key.esc
Key.backspace
Key.backspace
Key.backspace
Key.insert
Key.delete
Key.end
Key.home
Key.page_down
Key.backspace
Key.backspace
Key.backspace
Key.backspace
Key.backspace
Key.backspace
Key.backspace
Key.backspace
Key.backspace
Key.backspace
Key.backspace
Key.backspace
Key.backspace
Key.backspace
Key.backspace
Key.backspace
Key.backspace
Key.backspace
<65437>
'8'
'9'
'6'
'/'
'*'
'-'
Key.num_lock
Key.num_lock
'+'
'+'
Key.enter
','
'0'
Key.right
Key.down
Key.left
Key.up
Key.end
Key.page_down
Key.delete
Key.media_volume_up
Key.media_volume_up
Key.media_volume_up
Key.media_volume_up
Key.media_volume_up
Key.media_volume_down
Key.media_volume_down
Key.media_volume_mute
Key.media_volume_mute
Key.media_volume_down
Key.media_volume_down
Key.tab
Key.caps_lock
Key.shift
Key.ctrl
Key.cmd
Key.cmd
Key.alt
<65027>
Key.menu
Key.menu
Key.ctrl_r
Key.enter
'\\'
Key.backspace
Key.ctrl
'c'
'4'
'3'
'4'
'6'
Key.enter
'/'
'.'
Key.shift_r
'?'
Key.enter
'6'
'9'
'6'
'3'
'3'
'1'
'0'
','
Key.enter
Key.esc
Key.esc
Key.esc
Key.esc
Key.esc
Key.esc
Key.esc
Key.esc
Key.esc
Key.up
Key.up
Key.esc
Key.shift_r
':'
'w'
Key.enter
Key.up
Key.left
Key.insert
's'
't'
'r'
Key.shift_r
'('
Key.right
Key.right
Key.right
Key.right
Key.right
Key.shift_r
')'
Key.esc
Key.shift_r
':'
'w'
Key.enter
Key.esc
'u'
'u'
Key.right
Key.right
Key.right
Key.right
Key.right
Key.right
Key.right
Key.right
Key.right
Key.insert
's'
't'
'r'
Key.shift_r
'('
Key.right
Key.right
Key.right
Key.right
Key.right
Key.right
Key.right
Key.shift_r
')'
Key.esc
Key.shift_r
':'
'w'
Key.enter
Key.ctrl
'c'
Key.ctrl
'c'
